# JRE version: OpenJDK Runtime Environment (8.0_242-b01) (build 1.8.0_242-release-1644-b01)
# Java VM: OpenJDK 64-Bit Server VM (25.242-b01 mixed mode windows-amd64 compressed oops)
Heap:
 PSYoungGen      total 226816K, used 210774K [0x00000000d5580000, 0x00000000e4e80000, 0x0000000100000000)
  eden space 213504K, 92% used [0x00000000d5580000,0x00000000e16575b0,0x00000000e2600000)
  from space 13312K, 99% used [0x00000000e2600000,0x00000000e32fe2e0,0x00000000e3300000)
  to   space 20480K, 0% used [0x00000000e3a80000,0x00000000e3a80000,0x00000000e4e80000)
 ParOldGen       total 132096K, used 40178K [0x0000000080000000, 0x0000000088100000, 0x00000000d5580000)
  object space 132096K, 30% used [0x0000000080000000,0x000000008273c868,0x0000000088100000)
 Metaspace       used 76309K, capacity 79863K, committed 80024K, reserved 1118208K
  class space    used 10431K, capacity 11163K, committed 11184K, reserved 1048576K
GC Heap History (10 events):
Event: 22.890 GC heap before
{Heap before GC invocations=10 (full 2):
 PSYoungGen      total 129024K, used 117248K [0x00000000d5580000, 0x00000000e4080000, 0x0000000100000000)
  eden space 117248K, 100% used [0x00000000d5580000,0x00000000dc800000,0x00000000dc800000)
  from space 11776K, 0% used [0x00000000dc800000,0x00000000dc800000,0x00000000dd380000)
  to   space 12288K, 0% used [0x00000000e3480000,0x00000000e3480000,0x00000000e4080000)
 ParOldGen       total 132096K, used 17572K [0x0000000080000000, 0x0000000088100000, 0x00000000d5580000)
  object space 132096K, 13% used [0x0000000080000000,0x00000000811291b0,0x0000000088100000)
 Metaspace       used 40717K, capacity 42382K, committed 42664K, reserved 1085440K
  class space    used 5608K, capacity 6010K, committed 6064K, reserved 1048576K
Event: 22.912 GC heap after
Heap after GC invocations=10 (full 2):
 PSYoungGen      total 181760K, used 11678K [0x00000000d5580000, 0x00000000e4000000, 0x0000000100000000)
  eden space 169984K, 0% used [0x00000000d5580000,0x00000000d5580000,0x00000000dfb80000)
  from space 11776K, 99% used [0x00000000e3480000,0x00000000e3fe7970,0x00000000e4000000)
  to   space 13312K, 0% used [0x00000000e2600000,0x00000000e2600000,0x00000000e3300000)
 ParOldGen       total 132096K, used 17580K [0x0000000080000000, 0x0000000088100000, 0x00000000d5580000)
  object space 132096K, 13% used [0x0000000080000000,0x000000008112b1b0,0x0000000088100000)
 Metaspace       used 40717K, capacity 42382K, committed 42664K, reserved 1085440K
  class space    used 5608K, capacity 6010K, committed 6064K, reserved 1048576K
}
Event: 26.888 GC heap before
{Heap before GC invocations=11 (full 2):
 PSYoungGen      total 181760K, used 181662K [0x00000000d5580000, 0x00000000e4000000, 0x0000000100000000)
  eden space 169984K, 100% used [0x00000000d5580000,0x00000000dfb80000,0x00000000dfb80000)
  from space 11776K, 99% used [0x00000000e3480000,0x00000000e3fe7970,0x00000000e4000000)
  to   space 13312K, 0% used [0x00000000e2600000,0x00000000e2600000,0x00000000e3300000)
 ParOldGen       total 132096K, used 17580K [0x0000000080000000, 0x0000000088100000, 0x00000000d5580000)
  object space 132096K, 13% used [0x0000000080000000,0x000000008112b1b0,0x0000000088100000)
 Metaspace       used 55649K, capacity 57716K, committed 58024K, reserved 1099776K
  class space    used 7521K, capacity 8035K, committed 8112K, reserved 1048576K
Event: 26.939 GC heap after
Heap after GC invocations=11 (full 2):
 PSYoungGen      total 226816K, used 13284K [0x00000000d5580000, 0x00000000e4e80000, 0x0000000100000000)
  eden space 213504K, 0% used [0x00000000d5580000,0x00000000d5580000,0x00000000e2600000)
  from space 13312K, 99% used [0x00000000e2600000,0x00000000e32f9310,0x00000000e3300000)
  to   space 20480K, 0% used [0x00000000e3a80000,0x00000000e3a80000,0x00000000e4e80000)
 ParOldGen       total 132096K, used 32595K [0x0000000080000000, 0x0000000088100000, 0x00000000d5580000)
  object space 132096K, 24% used [0x0000000080000000,0x0000000081fd4e48,0x0000000088100000)
 Metaspace       used 55649K, capacity 57716K, committed 58024K, reserved 1099776K
  class space    used 7521K, capacity 8035K, committed 8112K, reserved 1048576K
}
Event: 27.407 GC heap before
{Heap before GC invocations=12 (full 2):
 PSYoungGen      total 226816K, used 32953K [0x00000000d5580000, 0x00000000e4e80000, 0x0000000100000000)
  eden space 213504K, 9% used [0x00000000d5580000,0x00000000d68b5280,0x00000000e2600000)
  from space 13312K, 99% used [0x00000000e2600000,0x00000000e32f9310,0x00000000e3300000)
  to   space 20480K, 0% used [0x00000000e3a80000,0x00000000e3a80000,0x00000000e4e80000)
 ParOldGen       total 132096K, used 32595K [0x0000000080000000, 0x0000000088100000, 0x00000000d5580000)
  object space 132096K, 24% used [0x0000000080000000,0x0000000081fd4e48,0x0000000088100000)
 Metaspace       used 57021K, capacity 59159K, committed 59160K, reserved 1099776K
  class space    used 7719K, capacity 8239K, committed 8240K, reserved 1048576K
Event: 27.438 GC heap after
Heap after GC invocations=12 (full 2):
 PSYoungGen      total 233984K, used 15483K [0x00000000d5580000, 0x00000000e4e80000, 0x0000000100000000)
  eden space 213504K, 0% used [0x00000000d5580000,0x00000000d5580000,0x00000000e2600000)
  from space 20480K, 75% used [0x00000000e3a80000,0x00000000e499ee50,0x00000000e4e80000)
  to   space 13312K, 0% used [0x00000000e2600000,0x00000000e2600000,0x00000000e3300000)
 ParOldGen       total 132096K, used 32595K [0x0000000080000000, 0x0000000088100000, 0x00000000d5580000)
  object space 132096K, 24% used [0x0000000080000000,0x0000000081fd4e48,0x0000000088100000)
 Metaspace       used 57021K, capacity 59159K, committed 59160K, reserved 1099776K
  class space    used 7719K, capacity 8239K, committed 8240K, reserved 1048576K
}
Event: 27.439 GC heap before
{Heap before GC invocations=13 (full 3):
 PSYoungGen      total 233984K, used 15483K [0x00000000d5580000, 0x00000000e4e80000, 0x0000000100000000)
  eden space 213504K, 0% used [0x00000000d5580000,0x00000000d5580000,0x00000000e2600000)
  from space 20480K, 75% used [0x00000000e3a80000,0x00000000e499ee50,0x00000000e4e80000)
  to   space 13312K, 0% used [0x00000000e2600000,0x00000000e2600000,0x00000000e3300000)
 ParOldGen       total 132096K, used 32595K [0x0000000080000000, 0x0000000088100000, 0x00000000d5580000)
  object space 132096K, 24% used [0x0000000080000000,0x0000000081fd4e48,0x0000000088100000)
 Metaspace       used 57021K, capacity 59159K, committed 59160K, reserved 1099776K
  class space    used 7719K, capacity 8239K, committed 8240K, reserved 1048576K
Event: 27.845 GC heap after
Heap after GC invocations=13 (full 3):
 PSYoungGen      total 233984K, used 0K [0x00000000d5580000, 0x00000000e4e80000, 0x0000000100000000)
  eden space 213504K, 0% used [0x00000000d5580000,0x00000000d5580000,0x00000000e2600000)
  from space 20480K, 0% used [0x00000000e3a80000,0x00000000e3a80000,0x00000000e4e80000)
  to   space 13312K, 0% used [0x00000000e2600000,0x00000000e2600000,0x00000000e3300000)
 ParOldGen       total 132096K, used 34878K [0x0000000080000000, 0x0000000088100000, 0x00000000d5580000)
  object space 132096K, 26% used [0x0000000080000000,0x000000008220fa48,0x0000000088100000)
 Metaspace       used 57015K, capacity 59141K, committed 59160K, reserved 1099776K
  class space    used 7718K, capacity 8236K, committed 8240K, reserved 1048576K
}
Event: 32.393 GC heap before
{Heap before GC invocations=14 (full 3):
 PSYoungGen      total 233984K, used 213504K [0x00000000d5580000, 0x00000000e4e80000, 0x0000000100000000)
  eden space 213504K, 100% used [0x00000000d5580000,0x00000000e2600000,0x00000000e2600000)
  from space 20480K, 0% used [0x00000000e3a80000,0x00000000e3a80000,0x00000000e4e80000)
  to   space 13312K, 0% used [0x00000000e2600000,0x00000000e2600000,0x00000000e3300000)
 ParOldGen       total 132096K, used 34878K [0x0000000080000000, 0x0000000088100000, 0x00000000d5580000)
  object space 132096K, 26% used [0x0000000080000000,0x000000008220fa48,0x0000000088100000)
 Metaspace       used 67270K, capacity 70109K, committed 70296K, reserved 1110016K
  class space    used 9210K, capacity 9830K, committed 9904K, reserved 1048576K
Event: 32.422 GC heap after
Heap after GC invocations=14 (full 3):
 PSYoungGen      total 226816K, used 13304K [0x00000000d5580000, 0x00000000e4e80000, 0x0000000100000000)
  eden space 213504K, 0% used [0x00000000d5580000,0x00000000d5580000,0x00000000e2600000)
  from space 13312K, 99% used [0x00000000e2600000,0x00000000e32fe2e0,0x00000000e3300000)
  to   space 20480K, 0% used [0x00000000e3a80000,0x00000000e3a80000,0x00000000e4e80000)
 ParOldGen       total 132096K, used 40178K [0x0000000080000000, 0x0000000088100000, 0x00000000d5580000)
  object space 132096K, 30% used [0x0000000080000000,0x000000008273c868,0x0000000088100000)
 Metaspace       used 67270K, capacity 70109K, committed 70296K, reserved 1110016K
  class space    used 9210K, capacity 9830K, committed 9904K, reserved 1048576K
}

