# JRE version: OpenJDK Runtime Environment (8.0_242) (build 1.8.0_242-release-1644-b3-6915495)
# Java VM: OpenJDK 64-Bit Server VM (25.242-b3-6915495 mixed mode bsd-amd64 compressed oops)
Heap:
 PSYoungGen      total 633856K, used 24188K [0x0000000795580000, 0x00000007bf980000, 0x00000007c0000000)
  eden space 574976K, 0% used [0x0000000795580000,0x0000000795580000,0x00000007b8700000)
  from space 58880K, 41% used [0x00000007bc000000,0x00000007bd79f028,0x00000007bf980000)
  to   space 58368K, 0% used [0x00000007b8700000,0x00000007b8700000,0x00000007bc000000)
 ParOldGen       total 489984K, used 459688K [0x0000000740000000, 0x000000075de80000, 0x0000000795580000)
  object space 489984K, 93% used [0x0000000740000000,0x000000075c0ea068,0x000000075de80000)
 Metaspace       used 132259K, capacity 140230K, committed 140312K, reserved 1171456K
  class space    used 16437K, capacity 17906K, committed 17968K, reserved 1048576K
GC Heap History (10 events):
Event: 8422.541 GC heap after
Heap after GC invocations=56 (full 6):
 PSYoungGen      total 619520K, used 21602K [0x0000000795580000, 0x00000007bf700000, 0x00000007c0000000)
  eden space 548352K, 0% used [0x0000000795580000,0x0000000795580000,0x00000007b6d00000)
  from space 71168K, 30% used [0x00000007bb180000,0x00000007bc6988f0,0x00000007bf700000)
  to   space 70144K, 0% used [0x00000007b6d00000,0x00000007b6d00000,0x00000007bb180000)
 ParOldGen       total 489984K, used 397285K [0x0000000740000000, 0x000000075de80000, 0x0000000795580000)
  object space 489984K, 81% used [0x0000000740000000,0x00000007583f94e0,0x000000075de80000)
 Metaspace       used 132044K, capacity 139926K, committed 140056K, reserved 1171456K
  class space    used 16409K, capacity 17842K, committed 17968K, reserved 1048576K
}
Event: 8423.379 GC heap before
{Heap before GC invocations=57 (full 6):
 PSYoungGen      total 619520K, used 569954K [0x0000000795580000, 0x00000007bf700000, 0x00000007c0000000)
  eden space 548352K, 100% used [0x0000000795580000,0x00000007b6d00000,0x00000007b6d00000)
  from space 71168K, 30% used [0x00000007bb180000,0x00000007bc6988f0,0x00000007bf700000)
  to   space 70144K, 0% used [0x00000007b6d00000,0x00000007b6d00000,0x00000007bb180000)
 ParOldGen       total 489984K, used 397288K [0x0000000740000000, 0x000000075de80000, 0x0000000795580000)
  object space 489984K, 81% used [0x0000000740000000,0x00000007583fa1e0,0x000000075de80000)
 Metaspace       used 132186K, capacity 140124K, committed 140312K, reserved 1171456K
  class space    used 16432K, capacity 17899K, committed 17968K, reserved 1048576K
Event: 8423.438 GC heap after
Heap after GC invocations=57 (full 6):
 PSYoungGen      total 618496K, used 26216K [0x0000000795580000, 0x00000007bf700000, 0x00000007c0000000)
  eden space 548352K, 0% used [0x0000000795580000,0x0000000795580000,0x00000007b6d00000)
  from space 70144K, 37% used [0x00000007b6d00000,0x00000007b869a270,0x00000007bb180000)
  to   space 66048K, 0% used [0x00000007bb680000,0x00000007bb680000,0x00000007bf700000)
 ParOldGen       total 489984K, used 411778K [0x0000000740000000, 0x000000075de80000, 0x0000000795580000)
  object space 489984K, 84% used [0x0000000740000000,0x0000000759220a18,0x000000075de80000)
 Metaspace       used 132186K, capacity 140124K, committed 140312K, reserved 1171456K
  class space    used 16432K, capacity 17899K, committed 17968K, reserved 1048576K
}
Event: 8424.024 GC heap before
{Heap before GC invocations=58 (full 6):
 PSYoungGen      total 618496K, used 574568K [0x0000000795580000, 0x00000007bf700000, 0x00000007c0000000)
  eden space 548352K, 100% used [0x0000000795580000,0x00000007b6d00000,0x00000007b6d00000)
  from space 70144K, 37% used [0x00000007b6d00000,0x00000007b869a270,0x00000007bb180000)
  to   space 66048K, 0% used [0x00000007bb680000,0x00000007bb680000,0x00000007bf700000)
 ParOldGen       total 489984K, used 411778K [0x0000000740000000, 0x000000075de80000, 0x0000000795580000)
  object space 489984K, 84% used [0x0000000740000000,0x0000000759220a18,0x000000075de80000)
 Metaspace       used 132215K, capacity 140192K, committed 140312K, reserved 1171456K
  class space    used 16432K, capacity 17899K, committed 17968K, reserved 1048576K
Event: 8424.048 GC heap after
Heap after GC invocations=58 (full 6):
 PSYoungGen      total 625152K, used 27009K [0x0000000795580000, 0x00000007bf500000, 0x00000007c0000000)
  eden space 561152K, 0% used [0x0000000795580000,0x0000000795580000,0x00000007b7980000)
  from space 64000K, 42% used [0x00000007bb680000,0x00000007bd0e05b0,0x00000007bf500000)
  to   space 62464K, 0% used [0x00000007b7980000,0x00000007b7980000,0x00000007bb680000)
 ParOldGen       total 489984K, used 430804K [0x0000000740000000, 0x000000075de80000, 0x0000000795580000)
  object space 489984K, 87% used [0x0000000740000000,0x000000075a4b5278,0x000000075de80000)
 Metaspace       used 132215K, capacity 140192K, committed 140312K, reserved 1171456K
  class space    used 16432K, capacity 17899K, committed 17968K, reserved 1048576K
}
Event: 8424.624 GC heap before
{Heap before GC invocations=59 (full 6):
 PSYoungGen      total 625152K, used 588161K [0x0000000795580000, 0x00000007bf500000, 0x00000007c0000000)
  eden space 561152K, 100% used [0x0000000795580000,0x00000007b7980000,0x00000007b7980000)
  from space 64000K, 42% used [0x00000007bb680000,0x00000007bd0e05b0,0x00000007bf500000)
  to   space 62464K, 0% used [0x00000007b7980000,0x00000007b7980000,0x00000007bb680000)
 ParOldGen       total 489984K, used 430804K [0x0000000740000000, 0x000000075de80000, 0x0000000795580000)
  object space 489984K, 87% used [0x0000000740000000,0x000000075a4b5278,0x000000075de80000)
 Metaspace       used 132228K, capacity 140204K, committed 140312K, reserved 1171456K
  class space    used 16433K, capacity 17901K, committed 17968K, reserved 1048576K
Event: 8424.654 GC heap after
Heap after GC invocations=59 (full 6):
 PSYoungGen      total 623616K, used 15635K [0x0000000795580000, 0x00000007bfb80000, 0x00000007c0000000)
  eden space 561152K, 0% used [0x0000000795580000,0x0000000795580000,0x00000007b7980000)
  from space 62464K, 25% used [0x00000007b7980000,0x00000007b88c4e60,0x00000007bb680000)
  to   space 60928K, 0% used [0x00000007bc000000,0x00000007bc000000,0x00000007bfb80000)
 ParOldGen       total 489984K, used 451080K [0x0000000740000000, 0x000000075de80000, 0x0000000795580000)
  object space 489984K, 92% used [0x0000000740000000,0x000000075b882358,0x000000075de80000)
 Metaspace       used 132228K, capacity 140204K, committed 140312K, reserved 1171456K
  class space    used 16433K, capacity 17901K, committed 17968K, reserved 1048576K
}
Event: 8425.221 GC heap before
{Heap before GC invocations=60 (full 6):
 PSYoungGen      total 623616K, used 576787K [0x0000000795580000, 0x00000007bfb80000, 0x00000007c0000000)
  eden space 561152K, 100% used [0x0000000795580000,0x00000007b7980000,0x00000007b7980000)
  from space 62464K, 25% used [0x00000007b7980000,0x00000007b88c4e60,0x00000007bb680000)
  to   space 60928K, 0% used [0x00000007bc000000,0x00000007bc000000,0x00000007bfb80000)
 ParOldGen       total 489984K, used 451080K [0x0000000740000000, 0x000000075de80000, 0x0000000795580000)
  object space 489984K, 92% used [0x0000000740000000,0x000000075b882358,0x000000075de80000)
 Metaspace       used 132259K, capacity 140230K, committed 140312K, reserved 1171456K
  class space    used 16437K, capacity 17906K, committed 17968K, reserved 1048576K
Event: 8425.255 GC heap after
Heap after GC invocations=60 (full 6):
 PSYoungGen      total 633856K, used 24188K [0x0000000795580000, 0x00000007bf980000, 0x00000007c0000000)
  eden space 574976K, 0% used [0x0000000795580000,0x0000000795580000,0x00000007b8700000)
  from space 58880K, 41% used [0x00000007bc000000,0x00000007bd79f028,0x00000007bf980000)
  to   space 58368K, 0% used [0x00000007b8700000,0x00000007b8700000,0x00000007bc000000)
 ParOldGen       total 489984K, used 459688K [0x0000000740000000, 0x000000075de80000, 0x0000000795580000)
  object space 489984K, 93% used [0x0000000740000000,0x000000075c0ea068,0x000000075de80000)
 Metaspace       used 132259K, capacity 140230K, committed 140312K, reserved 1171456K
  class space    used 16437K, capacity 17906K, committed 17968K, reserved 1048576K
}
Event: 8425.255 GC heap before
{Heap before GC invocations=61 (full 7):
 PSYoungGen      total 633856K, used 24188K [0x0000000795580000, 0x00000007bf980000, 0x00000007c0000000)
  eden space 574976K, 0% used [0x0000000795580000,0x0000000795580000,0x00000007b8700000)
  from space 58880K, 41% used [0x00000007bc000000,0x00000007bd79f028,0x00000007bf980000)
  to   space 58368K, 0% used [0x00000007b8700000,0x00000007b8700000,0x00000007bc000000)
 ParOldGen       total 489984K, used 459688K [0x0000000740000000, 0x000000075de80000, 0x0000000795580000)
  object space 489984K, 93% used [0x0000000740000000,0x000000075c0ea068,0x000000075de80000)
 Metaspace       used 132259K, capacity 140230K, committed 140312K, reserved 1171456K
  class space    used 16437K, capacity 17906K, committed 17968K, reserved 1048576K

