# JRE version: OpenJDK Runtime Environment (8.0_242-b01) (build 1.8.0_242-release-1644-b01)
# Java VM: OpenJDK 64-Bit Server VM (25.242-b01 mixed mode windows-amd64 compressed oops)
Heap:
 PSYoungGen      total 215040K, used 131135K [0x00000000d5580000, 0x00000000e6980000, 0x0000000100000000)
  eden space 190464K, 55% used [0x00000000d5580000,0x00000000dbd928b0,0x00000000e0f80000)
  from space 24576K, 99% used [0x00000000e0f80000,0x00000000e277d478,0x00000000e2780000)
  to   space 31232K, 0% used [0x00000000e4b00000,0x00000000e4b00000,0x00000000e6980000)
 ParOldGen       total 258048K, used 50728K [0x0000000080000000, 0x000000008fc00000, 0x00000000d5580000)
  object space 258048K, 19% used [0x0000000080000000,0x000000008318a040,0x000000008fc00000)
 Metaspace       used 84876K, capacity 89000K, committed 89240K, reserved 1126400K
  class space    used 11319K, capacity 12161K, committed 12208K, reserved 1048576K
GC Heap History (10 events):
Event: 22.885 GC heap before
{Heap before GC invocations=12 (full 2):
 PSYoungGen      total 162816K, used 85387K [0x00000000d5580000, 0x00000000e1d00000, 0x0000000100000000)
  eden space 150528K, 48% used [0x00000000d5580000,0x00000000d9ce3ab8,0x00000000de880000)
  from space 12288K, 99% used [0x00000000de880000,0x00000000df47f320,0x00000000df480000)
  to   space 17408K, 0% used [0x00000000e0c00000,0x00000000e0c00000,0x00000000e1d00000)
 ParOldGen       total 169984K, used 28354K [0x0000000080000000, 0x000000008a600000, 0x00000000d5580000)
  object space 169984K, 16% used [0x0000000080000000,0x0000000081bb0b00,0x000000008a600000)
 Metaspace       used 57012K, capacity 59134K, committed 59160K, reserved 1099776K
  class space    used 7715K, capacity 8236K, committed 8240K, reserved 1048576K
Event: 22.923 GC heap after
Heap after GC invocations=12 (full 2):
 PSYoungGen      total 183296K, used 17404K [0x00000000d5580000, 0x00000000e3600000, 0x0000000100000000)
  eden space 165888K, 0% used [0x00000000d5580000,0x00000000d5580000,0x00000000df780000)
  from space 17408K, 99% used [0x00000000e0c00000,0x00000000e1cff320,0x00000000e1d00000)
  to   space 20992K, 0% used [0x00000000df780000,0x00000000df780000,0x00000000e0c00000)
 ParOldGen       total 169984K, used 32239K [0x0000000080000000, 0x000000008a600000, 0x00000000d5580000)
  object space 169984K, 18% used [0x0000000080000000,0x0000000081f7bfb8,0x000000008a600000)
 Metaspace       used 57012K, capacity 59134K, committed 59160K, reserved 1099776K
  class space    used 7715K, capacity 8236K, committed 8240K, reserved 1048576K
}
Event: 22.923 GC heap before
{Heap before GC invocations=13 (full 3):
 PSYoungGen      total 183296K, used 17404K [0x00000000d5580000, 0x00000000e3600000, 0x0000000100000000)
  eden space 165888K, 0% used [0x00000000d5580000,0x00000000d5580000,0x00000000df780000)
  from space 17408K, 99% used [0x00000000e0c00000,0x00000000e1cff320,0x00000000e1d00000)
  to   space 20992K, 0% used [0x00000000df780000,0x00000000df780000,0x00000000e0c00000)
 ParOldGen       total 169984K, used 32239K [0x0000000080000000, 0x000000008a600000, 0x00000000d5580000)
  object space 169984K, 18% used [0x0000000080000000,0x0000000081f7bfb8,0x000000008a600000)
 Metaspace       used 57012K, capacity 59134K, committed 59160K, reserved 1099776K
  class space    used 7715K, capacity 8236K, committed 8240K, reserved 1048576K
Event: 23.455 GC heap after
Heap after GC invocations=13 (full 3):
 PSYoungGen      total 183296K, used 0K [0x00000000d5580000, 0x00000000e3600000, 0x0000000100000000)
  eden space 165888K, 0% used [0x00000000d5580000,0x00000000d5580000,0x00000000df780000)
  from space 17408K, 0% used [0x00000000e0c00000,0x00000000e0c00000,0x00000000e1d00000)
  to   space 20992K, 0% used [0x00000000df780000,0x00000000df780000,0x00000000e0c00000)
 ParOldGen       total 258048K, used 37547K [0x0000000080000000, 0x000000008fc00000, 0x00000000d5580000)
  object space 258048K, 14% used [0x0000000080000000,0x00000000824aae08,0x000000008fc00000)
 Metaspace       used 57012K, capacity 59134K, committed 59160K, reserved 1099776K
  class space    used 7715K, capacity 8236K, committed 8240K, reserved 1048576K
}
Event: 30.341 GC heap before
{Heap before GC invocations=14 (full 3):
 PSYoungGen      total 183296K, used 165888K [0x00000000d5580000, 0x00000000e3600000, 0x0000000100000000)
  eden space 165888K, 100% used [0x00000000d5580000,0x00000000df780000,0x00000000df780000)
  from space 17408K, 0% used [0x00000000e0c00000,0x00000000e0c00000,0x00000000e1d00000)
  to   space 20992K, 0% used [0x00000000df780000,0x00000000df780000,0x00000000e0c00000)
 ParOldGen       total 258048K, used 37547K [0x0000000080000000, 0x000000008fc00000, 0x00000000d5580000)
  object space 258048K, 14% used [0x0000000080000000,0x00000000824aae08,0x000000008fc00000)
 Metaspace       used 65284K, capacity 67850K, committed 67992K, reserved 1107968K
  class space    used 8972K, capacity 9535K, committed 9648K, reserved 1048576K
Event: 30.392 GC heap after
Heap after GC invocations=14 (full 3):
 PSYoungGen      total 186880K, used 14082K [0x00000000d5580000, 0x00000000e3c00000, 0x0000000100000000)
  eden space 165888K, 0% used [0x00000000d5580000,0x00000000d5580000,0x00000000df780000)
  from space 20992K, 67% used [0x00000000df780000,0x00000000e0540ac8,0x00000000e0c00000)
  to   space 20992K, 0% used [0x00000000e2780000,0x00000000e2780000,0x00000000e3c00000)
 ParOldGen       total 258048K, used 37555K [0x0000000080000000, 0x000000008fc00000, 0x00000000d5580000)
  object space 258048K, 14% used [0x0000000080000000,0x00000000824ace08,0x000000008fc00000)
 Metaspace       used 65284K, capacity 67850K, committed 67992K, reserved 1107968K
  class space    used 8972K, capacity 9535K, committed 9648K, reserved 1048576K
}
Event: 35.228 GC heap before
{Heap before GC invocations=15 (full 3):
 PSYoungGen      total 186880K, used 179970K [0x00000000d5580000, 0x00000000e3c00000, 0x0000000100000000)
  eden space 165888K, 100% used [0x00000000d5580000,0x00000000df780000,0x00000000df780000)
  from space 20992K, 67% used [0x00000000df780000,0x00000000e0540ac8,0x00000000e0c00000)
  to   space 20992K, 0% used [0x00000000e2780000,0x00000000e2780000,0x00000000e3c00000)
 ParOldGen       total 258048K, used 37555K [0x0000000080000000, 0x000000008fc00000, 0x00000000d5580000)
  object space 258048K, 14% used [0x0000000080000000,0x00000000824ace08,0x000000008fc00000)
 Metaspace       used 73502K, capacity 76592K, committed 76824K, reserved 1116160K
  class space    used 10090K, capacity 10761K, committed 10800K, reserved 1048576K
Event: 35.273 GC heap after
Heap after GC invocations=15 (full 3):
 PSYoungGen      total 211456K, used 20988K [0x00000000d5580000, 0x00000000e4200000, 0x0000000100000000)
  eden space 190464K, 0% used [0x00000000d5580000,0x00000000d5580000,0x00000000e0f80000)
  from space 20992K, 99% used [0x00000000e2780000,0x00000000e3bff128,0x00000000e3c00000)
  to   space 24576K, 0% used [0x00000000e0f80000,0x00000000e0f80000,0x00000000e2780000)
 ParOldGen       total 258048K, used 41234K [0x0000000080000000, 0x000000008fc00000, 0x00000000d5580000)
  object space 258048K, 15% used [0x0000000080000000,0x00000000828448e0,0x000000008fc00000)
 Metaspace       used 73502K, capacity 76592K, committed 76824K, reserved 1116160K
  class space    used 10090K, capacity 10761K, committed 10800K, reserved 1048576K
}
Event: 40.115 GC heap before
{Heap before GC invocations=16 (full 3):
 PSYoungGen      total 211456K, used 211452K [0x00000000d5580000, 0x00000000e4200000, 0x0000000100000000)
  eden space 190464K, 100% used [0x00000000d5580000,0x00000000e0f80000,0x00000000e0f80000)
  from space 20992K, 99% used [0x00000000e2780000,0x00000000e3bff128,0x00000000e3c00000)
  to   space 24576K, 0% used [0x00000000e0f80000,0x00000000e0f80000,0x00000000e2780000)
 ParOldGen       total 258048K, used 41234K [0x0000000080000000, 0x000000008fc00000, 0x00000000d5580000)
  object space 258048K, 15% used [0x0000000080000000,0x00000000828448e0,0x000000008fc00000)
 Metaspace       used 79026K, capacity 82776K, committed 82968K, reserved 1120256K
  class space    used 10742K, capacity 11541K, committed 11568K, reserved 1048576K
Event: 40.161 GC heap after
Heap after GC invocations=16 (full 3):
 PSYoungGen      total 215040K, used 24565K [0x00000000d5580000, 0x00000000e6980000, 0x0000000100000000)
  eden space 190464K, 0% used [0x00000000d5580000,0x00000000d5580000,0x00000000e0f80000)
  from space 24576K, 99% used [0x00000000e0f80000,0x00000000e277d478,0x00000000e2780000)
  to   space 31232K, 0% used [0x00000000e4b00000,0x00000000e4b00000,0x00000000e6980000)
 ParOldGen       total 258048K, used 50728K [0x0000000080000000, 0x000000008fc00000, 0x00000000d5580000)
  object space 258048K, 19% used [0x0000000080000000,0x000000008318a040,0x000000008fc00000)
 Metaspace       used 79026K, capacity 82776K, committed 82968K, reserved 1120256K
  class space    used 10742K, capacity 11541K, committed 11568K, reserved 1048576K
}

